[2025-05-19 15:45:56,787]  WARN {cps.config_sql:364} Log path /config/calibre-web.log not valid, falling back to default
[2025-05-19 15:45:56,813]  WARN {cps.config_sql:364} Log path  not valid, falling back to default
[2025-05-19 15:45:56,817]  WARN {cps.config_sql:400} invalidating configuration
[2025-05-19 15:45:56,817]  WARN {cps.config_sql:364} Log path  not valid, falling back to default
[2025-05-19 15:46:29,513]  WARN {cps.config_sql:364} Log path  not valid, falling back to default
[2025-05-19 15:46:29,514]  WARN {cps.config_sql:400} invalidating configuration
[2025-05-19 15:46:29,514]  WARN {cps.config_sql:364} Log path  not valid, falling back to default
[2025-05-19 15:46:29,540]  INFO {cps:178} Starting Calibre Web...
[2025-05-19 15:46:29,836]  WARN {py.warnings:110} /lsiopy/lib/python3.12/site-packages/flask_limiter/extension.py:333: UserWarning: Using the in-memory storage for tracking rate limits as no storage was explicitly specified. This is not recommended for production use. See: https://flask-limiter.readthedocs.io#configuring-a-storage-backend for documentation about configuring the storage backend.
  warnings.warn(

[2025-05-19 15:46:29,998]  INFO {apscheduler.scheduler:181} Scheduler started
[2025-05-19 15:46:29,998]  INFO {apscheduler.scheduler:895} Added job "delete temp" to job store "default"
[2025-05-19 15:46:29,999]  INFO {apscheduler.scheduler:895} Added job "end scheduled task" to job store "default"
[2025-05-19 15:46:29,999]  INFO {apscheduler.scheduler:895} Added job "immediately delete temp" to job store "default"
[2025-05-19 15:46:30,014]  INFO {apscheduler.executors.default:123} Running job "immediately delete temp (trigger: date[2025-05-19 15:46:29 UTC], next run at: 2025-05-19 15:46:29 UTC)" (scheduled at 2025-05-19 15:46:29.999432+00:00)
[2025-05-19 15:46:30,014]  INFO {apscheduler.scheduler:641} Removed job 8fedc249ef4a4894871057c9bb1330a0
[2025-05-19 15:46:30,020]  INFO {apscheduler.executors.default:144} Job "immediately delete temp (trigger: date[2025-05-19 15:46:29 UTC], next run at: 2025-05-19 15:46:29 UTC)" executed successfully
[2025-05-19 15:46:30,130]  INFO {cps.ub:764} github Blueprint Created
[2025-05-19 15:46:30,136]  INFO {cps.ub:764} google Blueprint Created
[2025-05-19 15:46:31,217]  INFO {cps.server:218} Starting Gevent server on [::]:8083
[2025-05-19 15:47:09,195]  WARN {cps.web:1446} Login failed for user "prometeo" IP-address: ::ffff:172.18.0.1
[2025-05-19 15:48:26,252] ERROR {cps.admin:1917} DB Location is not Valid, Please Enter Correct Path
[2025-05-19 15:48:26,252]  WARN {cps.config_sql:364} Log path  not valid, falling back to default
[2025-05-19 15:50:35,026] ERROR {cps.admin:1917} DB Location is not Valid, Please Enter Correct Path
[2025-05-19 15:50:35,027]  WARN {cps.config_sql:364} Log path  not valid, falling back to default
[2025-05-19 15:56:06,474]  WARN {cps.config_sql:364} Log path  not valid, falling back to default
[2025-05-19 15:56:06,483]  WARN {cps.config_sql:364} Log path  not valid, falling back to default
