[2025-05-20 06:48:58,540]  WARN {cps.config_sql:364} Log path /config/calibre-web.log not valid, falling back to default
[2025-05-20 06:48:58,554]  WARN {cps.config_sql:364} Log path  not valid, falling back to default
[2025-05-20 06:48:58,557]  WARN {cps.config_sql:400} invalidating configuration
[2025-05-20 06:48:58,557]  WARN {cps.config_sql:364} Log path  not valid, falling back to default
[2025-05-20 06:49:30,013]  WARN {cps.config_sql:364} Log path  not valid, falling back to default
[2025-05-20 06:49:30,014]  WARN {cps.config_sql:400} invalidating configuration
[2025-05-20 06:49:30,014]  WARN {cps.config_sql:364} Log path  not valid, falling back to default
[2025-05-20 06:49:30,039]  INFO {cps:178} Starting Calibre Web...
[2025-05-20 06:49:30,338]  WARN {py.warnings:110} /lsiopy/lib/python3.12/site-packages/flask_limiter/extension.py:333: UserWarning: Using the in-memory storage for tracking rate limits as no storage was explicitly specified. This is not recommended for production use. See: https://flask-limiter.readthedocs.io#configuring-a-storage-backend for documentation about configuring the storage backend.
  warnings.warn(

[2025-05-20 06:49:30,501]  INFO {apscheduler.scheduler:181} Scheduler started
[2025-05-20 06:49:30,502]  INFO {apscheduler.scheduler:895} Added job "delete temp" to job store "default"
[2025-05-20 06:49:30,502]  INFO {apscheduler.scheduler:895} Added job "end scheduled task" to job store "default"
[2025-05-20 06:49:30,502]  INFO {apscheduler.scheduler:895} Added job "immediately delete temp" to job store "default"
[2025-05-20 06:49:30,503]  INFO {apscheduler.executors.default:123} Running job "immediately delete temp (trigger: date[2025-05-20 06:49:30 UTC], next run at: 2025-05-20 06:49:30 UTC)" (scheduled at 2025-05-20 06:49:30.502599+00:00)
[2025-05-20 06:49:30,503]  INFO {apscheduler.scheduler:641} Removed job 1215d0e6457a4fccaba3b6c25a1d2dbe
[2025-05-20 06:49:30,524]  INFO {apscheduler.executors.default:144} Job "immediately delete temp (trigger: date[2025-05-20 06:49:30 UTC], next run at: 2025-05-20 06:49:30 UTC)" executed successfully
[2025-05-20 06:49:30,631]  INFO {cps.ub:764} github Blueprint Created
[2025-05-20 06:49:30,638]  INFO {cps.ub:764} google Blueprint Created
[2025-05-20 06:49:31,677]  INFO {cps.server:218} Starting Gevent server on [::]:8083
[2025-05-20 06:51:19,853]  INFO {cps.server:319} webserver stop (restart=False)
[2025-05-20 06:51:19,853]  INFO {apscheduler.scheduler:212} Scheduler has been shut down
[2025-05-20 06:51:19,854]  INFO {cps.server:298} Performing shutdown of Calibre-Web
[2025-05-20 06:51:53,161]  WARN {cps.config_sql:364} Log path  not valid, falling back to default
[2025-05-20 06:51:53,162]  WARN {cps.config_sql:400} invalidating configuration
[2025-05-20 06:51:53,162]  WARN {cps.config_sql:364} Log path  not valid, falling back to default
[2025-05-20 06:51:53,191]  INFO {cps:178} Starting Calibre Web...
[2025-05-20 06:51:53,473]  WARN {py.warnings:110} /lsiopy/lib/python3.12/site-packages/flask_limiter/extension.py:333: UserWarning: Using the in-memory storage for tracking rate limits as no storage was explicitly specified. This is not recommended for production use. See: https://flask-limiter.readthedocs.io#configuring-a-storage-backend for documentation about configuring the storage backend.
  warnings.warn(

[2025-05-20 06:51:53,612]  INFO {apscheduler.scheduler:181} Scheduler started
[2025-05-20 06:51:53,612]  INFO {apscheduler.scheduler:895} Added job "delete temp" to job store "default"
[2025-05-20 06:51:53,612]  INFO {apscheduler.scheduler:895} Added job "end scheduled task" to job store "default"
[2025-05-20 06:51:53,613]  INFO {apscheduler.scheduler:895} Added job "immediately delete temp" to job store "default"
[2025-05-20 06:51:53,613]  INFO {apscheduler.executors.default:123} Running job "immediately delete temp (trigger: date[2025-05-20 06:51:53 UTC], next run at: 2025-05-20 06:51:53 UTC)" (scheduled at 2025-05-20 06:51:53.612992+00:00)
[2025-05-20 06:51:53,613]  INFO {apscheduler.scheduler:641} Removed job 3ccac51dcd5d4991abd165e4eab5efa3
[2025-05-20 06:51:53,629]  INFO {apscheduler.executors.default:144} Job "immediately delete temp (trigger: date[2025-05-20 06:51:53 UTC], next run at: 2025-05-20 06:51:53 UTC)" executed successfully
[2025-05-20 06:51:54,740]  INFO {cps.server:218} Starting Gevent server on [::]:8083
[2025-05-20 06:51:56,988]  INFO {cps.server:319} webserver stop (restart=False)
[2025-05-20 06:51:56,988]  INFO {apscheduler.scheduler:212} Scheduler has been shut down
[2025-05-20 06:51:56,989]  INFO {cps.server:298} Performing shutdown of Calibre-Web
[2025-05-20 06:52:11,639]  WARN {cps.config_sql:364} Log path  not valid, falling back to default
[2025-05-20 06:52:11,640]  WARN {cps.config_sql:400} invalidating configuration
[2025-05-20 06:52:11,640]  WARN {cps.config_sql:364} Log path  not valid, falling back to default
[2025-05-20 06:52:11,665]  INFO {cps:178} Starting Calibre Web...
[2025-05-20 06:52:11,944]  WARN {py.warnings:110} /lsiopy/lib/python3.12/site-packages/flask_limiter/extension.py:333: UserWarning: Using the in-memory storage for tracking rate limits as no storage was explicitly specified. This is not recommended for production use. See: https://flask-limiter.readthedocs.io#configuring-a-storage-backend for documentation about configuring the storage backend.
  warnings.warn(

[2025-05-20 06:52:12,081]  INFO {apscheduler.scheduler:181} Scheduler started
[2025-05-20 06:52:12,082]  INFO {apscheduler.scheduler:895} Added job "delete temp" to job store "default"
[2025-05-20 06:52:12,082]  INFO {apscheduler.scheduler:895} Added job "end scheduled task" to job store "default"
[2025-05-20 06:52:12,082]  INFO {apscheduler.scheduler:895} Added job "immediately delete temp" to job store "default"
[2025-05-20 06:52:12,096]  INFO {apscheduler.executors.default:123} Running job "immediately delete temp (trigger: date[2025-05-20 06:52:12 UTC], next run at: 2025-05-20 06:52:12 UTC)" (scheduled at 2025-05-20 06:52:12.082616+00:00)
[2025-05-20 06:52:12,097]  INFO {apscheduler.scheduler:641} Removed job fe8f8099568d4b20ae46e4f352d07758
[2025-05-20 06:52:12,098]  INFO {apscheduler.executors.default:144} Job "immediately delete temp (trigger: date[2025-05-20 06:52:12 UTC], next run at: 2025-05-20 06:52:12 UTC)" executed successfully
[2025-05-20 06:52:13,200]  INFO {cps.server:218} Starting Gevent server on [::]:8083
[2025-05-20 06:56:19,658]  INFO {cps.server:319} webserver stop (restart=False)
[2025-05-20 06:56:19,659]  INFO {apscheduler.scheduler:212} Scheduler has been shut down
[2025-05-20 06:56:19,660]  INFO {cps.server:298} Performing shutdown of Calibre-Web
[2025-05-20 07:00:51,414]  WARN {cps.config_sql:364} Log path  not valid, falling back to default
[2025-05-20 07:00:51,415]  WARN {cps.config_sql:400} invalidating configuration
[2025-05-20 07:00:51,415]  WARN {cps.config_sql:364} Log path  not valid, falling back to default
[2025-05-20 07:00:51,447]  INFO {cps:178} Starting Calibre Web...
[2025-05-20 07:00:51,777]  WARN {py.warnings:110} /lsiopy/lib/python3.12/site-packages/flask_limiter/extension.py:333: UserWarning: Using the in-memory storage for tracking rate limits as no storage was explicitly specified. This is not recommended for production use. See: https://flask-limiter.readthedocs.io#configuring-a-storage-backend for documentation about configuring the storage backend.
  warnings.warn(

[2025-05-20 07:00:51,946]  INFO {apscheduler.scheduler:181} Scheduler started
[2025-05-20 07:00:51,946]  INFO {apscheduler.scheduler:895} Added job "delete temp" to job store "default"
[2025-05-20 07:00:51,947]  INFO {apscheduler.scheduler:895} Added job "end scheduled task" to job store "default"
[2025-05-20 07:00:51,947]  INFO {apscheduler.scheduler:895} Added job "immediately delete temp" to job store "default"
[2025-05-20 07:00:51,963]  INFO {apscheduler.executors.default:123} Running job "immediately delete temp (trigger: date[2025-05-20 07:00:51 UTC], next run at: 2025-05-20 07:00:51 UTC)" (scheduled at 2025-05-20 07:00:51.947371+00:00)
[2025-05-20 07:00:51,964]  INFO {apscheduler.scheduler:641} Removed job b848947a15a3400fb1f7aaa98b0d7dce
[2025-05-20 07:00:51,970]  INFO {apscheduler.executors.default:144} Job "immediately delete temp (trigger: date[2025-05-20 07:00:51 UTC], next run at: 2025-05-20 07:00:51 UTC)" executed successfully
[2025-05-20 07:00:53,219]  INFO {cps.server:218} Starting Gevent server on [::]:8083
[2025-05-20 07:06:56,692] ERROR {cps.admin:1917} DB Location is not Valid, Please Enter Correct Path
[2025-05-20 07:06:56,692]  WARN {cps.config_sql:364} Log path  not valid, falling back to default
