2022-08-15 20:33:17,075 DEBUG    root            Loaded Command Group: ['gcloud', 'components']
2022-08-15 20:33:17,077 DEBUG    root            Loaded Command Group: ['gcloud', 'components', 'install']
2022-08-15 20:33:17,078 DEBUG    root            Running [gcloud.components.install] with arguments: [--quiet: "True", COMPONENT-IDS:6: "['alpha', 'beta', 'kubectl', 'skaffold', 'minikube', 'gsutil']"]
2022-08-15 20:33:17,085 DEBUG    urllib3.connectionpool Starting new HTTPS connection (1): dl.google.com:443
2022-08-15 20:33:17,171 DEBUG    urllib3.connectionpool https://dl.google.com:443 "GET /dl/cloudsdk/channels/rapid/components-v397.0.0.json HTTP/1.1" 200 201563
2022-08-15 20:33:17,215 INFO     ___FILE_ONLY___ 

2022-08-15 20:33:17,215 INFO     ___FILE_ONLY___ 
Your current Google Cloud CLI version is: 397.0.0

2022-08-15 20:33:17,215 INFO     ___FILE_ONLY___ Installing components from version: 397.0.0

2022-08-15 20:33:17,215 INFO     ___FILE_ONLY___ 

2022-08-15 20:33:17,217 INFO     ___FILE_ONLY___ ┌─────────────────────────────────────────────────┐
2022-08-15 20:33:17,218 INFO     ___FILE_ONLY___ 

2022-08-15 20:33:17,218 INFO     ___FILE_ONLY___ │       These components will be installed.       │
2022-08-15 20:33:17,218 INFO     ___FILE_ONLY___ 

2022-08-15 20:33:17,218 INFO     ___FILE_ONLY___ ├─────────────────────────┬────────────┬──────────┤
2022-08-15 20:33:17,218 INFO     ___FILE_ONLY___ 

2022-08-15 20:33:17,218 INFO     ___FILE_ONLY___ │           Name          │  Version   │   Size   │
2022-08-15 20:33:17,218 INFO     ___FILE_ONLY___ 

2022-08-15 20:33:17,218 INFO     ___FILE_ONLY___ ├─────────────────────────┼────────────┼──────────┤
2022-08-15 20:33:17,218 INFO     ___FILE_ONLY___ 

2022-08-15 20:33:17,218 INFO     ___FILE_ONLY___ │ 
2022-08-15 20:33:17,218 INFO     ___FILE_ONLY___ Minikube               
2022-08-15 20:33:17,218 INFO     ___FILE_ONLY___  
2022-08-15 20:33:17,218 INFO     ___FILE_ONLY___ │ 
2022-08-15 20:33:17,218 INFO     ___FILE_ONLY___     1.26.1
2022-08-15 20:33:17,218 INFO     ___FILE_ONLY___  
2022-08-15 20:33:17,218 INFO     ___FILE_ONLY___ │ 
2022-08-15 20:33:17,218 INFO     ___FILE_ONLY___ 29.4 MiB
2022-08-15 20:33:17,218 INFO     ___FILE_ONLY___  
2022-08-15 20:33:17,218 INFO     ___FILE_ONLY___ │
2022-08-15 20:33:17,218 INFO     ___FILE_ONLY___ 

2022-08-15 20:33:17,218 INFO     ___FILE_ONLY___ │ 
2022-08-15 20:33:17,218 INFO     ___FILE_ONLY___ Skaffold               
2022-08-15 20:33:17,218 INFO     ___FILE_ONLY___  
2022-08-15 20:33:17,218 INFO     ___FILE_ONLY___ │ 
2022-08-15 20:33:17,218 INFO     ___FILE_ONLY___     1.39.1
2022-08-15 20:33:17,218 INFO     ___FILE_ONLY___  
2022-08-15 20:33:17,218 INFO     ___FILE_ONLY___ │ 
2022-08-15 20:33:17,218 INFO     ___FILE_ONLY___ 19.3 MiB
2022-08-15 20:33:17,218 INFO     ___FILE_ONLY___  
2022-08-15 20:33:17,218 INFO     ___FILE_ONLY___ │
2022-08-15 20:33:17,218 INFO     ___FILE_ONLY___ 

2022-08-15 20:33:17,218 INFO     ___FILE_ONLY___ │ 
2022-08-15 20:33:17,218 INFO     ___FILE_ONLY___ gcloud Alpha Commands  
2022-08-15 20:33:17,218 INFO     ___FILE_ONLY___  
2022-08-15 20:33:17,218 INFO     ___FILE_ONLY___ │ 
2022-08-15 20:33:17,218 INFO     ___FILE_ONLY___ 2022.08.05
2022-08-15 20:33:17,219 INFO     ___FILE_ONLY___  
2022-08-15 20:33:17,219 INFO     ___FILE_ONLY___ │ 
2022-08-15 20:33:17,219 INFO     ___FILE_ONLY___  < 1 MiB
2022-08-15 20:33:17,219 INFO     ___FILE_ONLY___  
2022-08-15 20:33:17,219 INFO     ___FILE_ONLY___ │
2022-08-15 20:33:17,219 INFO     ___FILE_ONLY___ 

2022-08-15 20:33:17,219 INFO     ___FILE_ONLY___ │ 
2022-08-15 20:33:17,219 INFO     ___FILE_ONLY___ gcloud Beta Commands   
2022-08-15 20:33:17,219 INFO     ___FILE_ONLY___  
2022-08-15 20:33:17,219 INFO     ___FILE_ONLY___ │ 
2022-08-15 20:33:17,219 INFO     ___FILE_ONLY___ 2022.08.05
2022-08-15 20:33:17,219 INFO     ___FILE_ONLY___  
2022-08-15 20:33:17,219 INFO     ___FILE_ONLY___ │ 
2022-08-15 20:33:17,219 INFO     ___FILE_ONLY___  < 1 MiB
2022-08-15 20:33:17,219 INFO     ___FILE_ONLY___  
2022-08-15 20:33:17,219 INFO     ___FILE_ONLY___ │
2022-08-15 20:33:17,219 INFO     ___FILE_ONLY___ 

2022-08-15 20:33:17,219 INFO     ___FILE_ONLY___ │ 
2022-08-15 20:33:17,219 INFO     ___FILE_ONLY___ gcloud cli dependencies
2022-08-15 20:33:17,219 INFO     ___FILE_ONLY___  
2022-08-15 20:33:17,219 INFO     ___FILE_ONLY___ │ 
2022-08-15 20:33:17,219 INFO     ___FILE_ONLY___ 2021.04.16
2022-08-15 20:33:17,219 INFO     ___FILE_ONLY___  
2022-08-15 20:33:17,219 INFO     ___FILE_ONLY___ │ 
2022-08-15 20:33:17,219 INFO     ___FILE_ONLY___  < 1 MiB
2022-08-15 20:33:17,219 INFO     ___FILE_ONLY___  
2022-08-15 20:33:17,219 INFO     ___FILE_ONLY___ │
2022-08-15 20:33:17,219 INFO     ___FILE_ONLY___ 

2022-08-15 20:33:17,219 INFO     ___FILE_ONLY___ │ 
2022-08-15 20:33:17,219 INFO     ___FILE_ONLY___ gke-gcloud-auth-plugin 
2022-08-15 20:33:17,219 INFO     ___FILE_ONLY___  
2022-08-15 20:33:17,219 INFO     ___FILE_ONLY___ │ 
2022-08-15 20:33:17,219 INFO     ___FILE_ONLY___      0.2.0
2022-08-15 20:33:17,219 INFO     ___FILE_ONLY___  
2022-08-15 20:33:17,219 INFO     ___FILE_ONLY___ │ 
2022-08-15 20:33:17,219 INFO     ___FILE_ONLY___  3.7 MiB
2022-08-15 20:33:17,219 INFO     ___FILE_ONLY___  
2022-08-15 20:33:17,219 INFO     ___FILE_ONLY___ │
2022-08-15 20:33:17,219 INFO     ___FILE_ONLY___ 

2022-08-15 20:33:17,219 INFO     ___FILE_ONLY___ │ 
2022-08-15 20:33:17,219 INFO     ___FILE_ONLY___ kubectl                
2022-08-15 20:33:17,220 INFO     ___FILE_ONLY___  
2022-08-15 20:33:17,220 INFO     ___FILE_ONLY___ │ 
2022-08-15 20:33:17,220 INFO     ___FILE_ONLY___    1.22.12
2022-08-15 20:33:17,220 INFO     ___FILE_ONLY___  
2022-08-15 20:33:17,220 INFO     ___FILE_ONLY___ │ 
2022-08-15 20:33:17,220 INFO     ___FILE_ONLY___ 65.2 MiB
2022-08-15 20:33:17,220 INFO     ___FILE_ONLY___  
2022-08-15 20:33:17,220 INFO     ___FILE_ONLY___ │
2022-08-15 20:33:17,220 INFO     ___FILE_ONLY___ 

2022-08-15 20:33:17,220 INFO     ___FILE_ONLY___ │ 
2022-08-15 20:33:17,220 INFO     ___FILE_ONLY___ kubectl                
2022-08-15 20:33:17,220 INFO     ___FILE_ONLY___  
2022-08-15 20:33:17,220 INFO     ___FILE_ONLY___ │ 
2022-08-15 20:33:17,220 INFO     ___FILE_ONLY___    1.22.12
2022-08-15 20:33:17,220 INFO     ___FILE_ONLY___  
2022-08-15 20:33:17,220 INFO     ___FILE_ONLY___ │ 
2022-08-15 20:33:17,220 INFO     ___FILE_ONLY___  < 1 MiB
2022-08-15 20:33:17,220 INFO     ___FILE_ONLY___  
2022-08-15 20:33:17,220 INFO     ___FILE_ONLY___ │
2022-08-15 20:33:17,220 INFO     ___FILE_ONLY___ 

2022-08-15 20:33:17,220 INFO     ___FILE_ONLY___ └─────────────────────────┴────────────┴──────────┘
2022-08-15 20:33:17,220 INFO     ___FILE_ONLY___ 

2022-08-15 20:33:17,220 INFO     ___FILE_ONLY___ 

2022-08-15 20:33:17,221 DEBUG    urllib3.connectionpool Starting new HTTPS connection (1): dl.google.com:443
2022-08-15 20:33:17,299 DEBUG    urllib3.connectionpool https://dl.google.com:443 "GET /dl/cloudsdk/channels/rapid/RELEASE_NOTES HTTP/1.1" 200 849273
2022-08-15 20:33:17,404 INFO     ___FILE_ONLY___ For the latest full release notes, please visit:
  https://cloud.google.com/sdk/release_notes


2022-08-15 20:33:17,410 INFO     ___FILE_ONLY___ ╔════════════════════════════════════════════════════════════╗

2022-08-15 20:33:17,410 INFO     ___FILE_ONLY___ ╠═ Creating update staging area                             ═╣

2022-08-15 20:33:17,410 INFO     ___FILE_ONLY___ ╚
2022-08-15 20:33:17,410 INFO     ___FILE_ONLY___ ══════
2022-08-15 20:33:17,410 INFO     ___FILE_ONLY___ ══════
2022-08-15 20:33:17,410 INFO     ___FILE_ONLY___ ══════
2022-08-15 20:33:17,807 INFO     ___FILE_ONLY___ ═
2022-08-15 20:33:17,910 INFO     ___FILE_ONLY___ ═
2022-08-15 20:33:18,118 INFO     ___FILE_ONLY___ ═
2022-08-15 20:33:18,311 INFO     ___FILE_ONLY___ ═
2022-08-15 20:33:18,484 INFO     ___FILE_ONLY___ ═
2022-08-15 20:33:18,711 INFO     ___FILE_ONLY___ ═
2022-08-15 20:33:18,907 INFO     ___FILE_ONLY___ ═
2022-08-15 20:33:19,013 INFO     ___FILE_ONLY___ ═
2022-08-15 20:33:19,167 INFO     ___FILE_ONLY___ ═
2022-08-15 20:33:19,287 INFO     ___FILE_ONLY___ ═
2022-08-15 20:33:19,529 INFO     ___FILE_ONLY___ ═
2022-08-15 20:33:19,638 INFO     ___FILE_ONLY___ ═
2022-08-15 20:33:19,752 INFO     ___FILE_ONLY___ ═
2022-08-15 20:33:19,831 INFO     ___FILE_ONLY___ ═
2022-08-15 20:33:19,922 INFO     ___FILE_ONLY___ ═
2022-08-15 20:33:19,997 INFO     ___FILE_ONLY___ ═
2022-08-15 20:33:20,081 INFO     ___FILE_ONLY___ ═
2022-08-15 20:33:20,156 INFO     ___FILE_ONLY___ ═
2022-08-15 20:33:20,252 INFO     ___FILE_ONLY___ ═
2022-08-15 20:33:20,356 INFO     ___FILE_ONLY___ ═
2022-08-15 20:33:20,451 INFO     ___FILE_ONLY___ ═
2022-08-15 20:33:20,561 INFO     ___FILE_ONLY___ ═
2022-08-15 20:33:20,722 INFO     ___FILE_ONLY___ ═
2022-08-15 20:33:20,862 INFO     ___FILE_ONLY___ ═
2022-08-15 20:33:20,982 INFO     ___FILE_ONLY___ ═
2022-08-15 20:33:21,104 INFO     ___FILE_ONLY___ ═
2022-08-15 20:33:21,215 INFO     ___FILE_ONLY___ ═
2022-08-15 20:33:21,339 INFO     ___FILE_ONLY___ ═
2022-08-15 20:33:21,441 INFO     ___FILE_ONLY___ ═
2022-08-15 20:33:21,573 INFO     ___FILE_ONLY___ ═
2022-08-15 20:33:21,712 INFO     ___FILE_ONLY___ ═
2022-08-15 20:33:21,812 INFO     ___FILE_ONLY___ ═
2022-08-15 20:33:21,911 INFO     ___FILE_ONLY___ ═
2022-08-15 20:33:22,056 INFO     ___FILE_ONLY___ ═
2022-08-15 20:33:22,294 INFO     ___FILE_ONLY___ ═
2022-08-15 20:33:22,398 INFO     ___FILE_ONLY___ ═
2022-08-15 20:33:22,670 INFO     ___FILE_ONLY___ ═
2022-08-15 20:33:22,721 INFO     ___FILE_ONLY___ ═
2022-08-15 20:33:22,783 INFO     ___FILE_ONLY___ ═
2022-08-15 20:33:22,834 INFO     ___FILE_ONLY___ ═
2022-08-15 20:33:22,885 INFO     ___FILE_ONLY___ ═
2022-08-15 20:33:22,962 INFO     ___FILE_ONLY___ ═
2022-08-15 20:33:22,962 INFO     ___FILE_ONLY___ ╝

2022-08-15 20:33:23,405 INFO     ___FILE_ONLY___ ╔════════════════════════════════════════════════════════════╗

2022-08-15 20:33:23,405 INFO     ___FILE_ONLY___ ╠═ Installing: Minikube                                     ═╣

2022-08-15 20:33:23,405 INFO     ___FILE_ONLY___ ╚
2022-08-15 20:33:23,407 DEBUG    urllib3.connectionpool Starting new HTTPS connection (1): dl.google.com:443
2022-08-15 20:33:23,530 DEBUG    urllib3.connectionpool https://dl.google.com:443 "GET /dl/cloudsdk/channels/rapid/components/google-cloud-sdk-minikube-darwin-arm-20220805142045.tar.gz HTTP/1.1" 200 30786798
2022-08-15 20:33:26,420 INFO     ___FILE_ONLY___ ═
2022-08-15 20:33:26,422 INFO     ___FILE_ONLY___ ═
2022-08-15 20:33:26,425 INFO     ___FILE_ONLY___ ═
2022-08-15 20:33:26,427 INFO     ___FILE_ONLY___ ═
2022-08-15 20:33:26,428 INFO     ___FILE_ONLY___ ═
2022-08-15 20:33:26,429 INFO     ___FILE_ONLY___ ═
2022-08-15 20:33:26,430 INFO     ___FILE_ONLY___ ═
2022-08-15 20:33:26,430 INFO     ___FILE_ONLY___ ═
2022-08-15 20:33:26,431 INFO     ___FILE_ONLY___ ═
2022-08-15 20:33:26,432 INFO     ___FILE_ONLY___ ═
2022-08-15 20:33:26,433 INFO     ___FILE_ONLY___ ═
2022-08-15 20:33:26,434 INFO     ___FILE_ONLY___ ═
2022-08-15 20:33:26,434 INFO     ___FILE_ONLY___ ═
2022-08-15 20:33:26,435 INFO     ___FILE_ONLY___ ═
2022-08-15 20:33:26,435 INFO     ___FILE_ONLY___ ═
2022-08-15 20:33:26,436 INFO     ___FILE_ONLY___ ═
2022-08-15 20:33:26,437 INFO     ___FILE_ONLY___ ═
2022-08-15 20:33:26,438 INFO     ___FILE_ONLY___ ═
2022-08-15 20:33:26,438 INFO     ___FILE_ONLY___ ═
2022-08-15 20:33:26,439 INFO     ___FILE_ONLY___ ═
2022-08-15 20:33:26,440 INFO     ___FILE_ONLY___ ═
2022-08-15 20:33:26,441 INFO     ___FILE_ONLY___ ═
2022-08-15 20:33:26,441 INFO     ___FILE_ONLY___ ═
2022-08-15 20:33:26,442 INFO     ___FILE_ONLY___ ═
2022-08-15 20:33:26,443 INFO     ___FILE_ONLY___ ═
2022-08-15 20:33:26,443 INFO     ___FILE_ONLY___ ═
2022-08-15 20:33:26,444 INFO     ___FILE_ONLY___ ═
2022-08-15 20:33:26,444 INFO     ___FILE_ONLY___ ═
2022-08-15 20:33:26,445 INFO     ___FILE_ONLY___ ═
2022-08-15 20:33:26,445 INFO     ___FILE_ONLY___ ═
2022-08-15 20:33:26,951 INFO     ___FILE_ONLY___ ══════════════════════════════
2022-08-15 20:33:26,951 INFO     ___FILE_ONLY___ ╝

2022-08-15 20:33:26,959 INFO     ___FILE_ONLY___ ╔════════════════════════════════════════════════════════════╗

2022-08-15 20:33:26,959 INFO     ___FILE_ONLY___ ╠═ Installing: Minikube                                     ═╣

2022-08-15 20:33:26,959 INFO     ___FILE_ONLY___ ╚
2022-08-15 20:33:26,962 INFO     ___FILE_ONLY___ ════════════════════════════════════════════════════════════
2022-08-15 20:33:26,962 INFO     ___FILE_ONLY___ ╝

2022-08-15 20:33:26,965 INFO     ___FILE_ONLY___ ╔════════════════════════════════════════════════════════════╗

2022-08-15 20:33:26,966 INFO     ___FILE_ONLY___ ╠═ Installing: Skaffold                                     ═╣

2022-08-15 20:33:26,966 INFO     ___FILE_ONLY___ ╚
2022-08-15 20:33:26,968 INFO     ___FILE_ONLY___ ════════════════════════════════════════════════════════════
2022-08-15 20:33:26,968 INFO     ___FILE_ONLY___ ╝

2022-08-15 20:33:26,971 INFO     ___FILE_ONLY___ ╔════════════════════════════════════════════════════════════╗

2022-08-15 20:33:26,971 INFO     ___FILE_ONLY___ ╠═ Installing: Skaffold                                     ═╣

2022-08-15 20:33:26,971 INFO     ___FILE_ONLY___ ╚
2022-08-15 20:33:26,974 DEBUG    urllib3.connectionpool Starting new HTTPS connection (1): dl.google.com:443
2022-08-15 20:33:27,269 DEBUG    urllib3.connectionpool https://dl.google.com:443 "GET /dl/cloudsdk/channels/rapid/components/google-cloud-sdk-skaffold-darwin-arm-20220708145531.tar.gz HTTP/1.1" 200 20226684
2022-08-15 20:33:29,034 INFO     ___FILE_ONLY___ ═
2022-08-15 20:33:29,035 INFO     ___FILE_ONLY___ ═
2022-08-15 20:33:29,035 INFO     ___FILE_ONLY___ ═
2022-08-15 20:33:29,036 INFO     ___FILE_ONLY___ ═
2022-08-15 20:33:29,036 INFO     ___FILE_ONLY___ ═
2022-08-15 20:33:29,036 INFO     ___FILE_ONLY___ ═
2022-08-15 20:33:29,037 INFO     ___FILE_ONLY___ ═
2022-08-15 20:33:29,037 INFO     ___FILE_ONLY___ ═
2022-08-15 20:33:29,037 INFO     ___FILE_ONLY___ ═
2022-08-15 20:33:29,038 INFO     ___FILE_ONLY___ ═
2022-08-15 20:33:29,038 INFO     ___FILE_ONLY___ ═
2022-08-15 20:33:29,039 INFO     ___FILE_ONLY___ ═
2022-08-15 20:33:29,039 INFO     ___FILE_ONLY___ ═
2022-08-15 20:33:29,040 INFO     ___FILE_ONLY___ ═
2022-08-15 20:33:29,040 INFO     ___FILE_ONLY___ ═
2022-08-15 20:33:29,041 INFO     ___FILE_ONLY___ ═
2022-08-15 20:33:29,041 INFO     ___FILE_ONLY___ ═
2022-08-15 20:33:29,041 INFO     ___FILE_ONLY___ ═
2022-08-15 20:33:29,042 INFO     ___FILE_ONLY___ ═
2022-08-15 20:33:29,042 INFO     ___FILE_ONLY___ ═
2022-08-15 20:33:29,043 INFO     ___FILE_ONLY___ ═
2022-08-15 20:33:29,043 INFO     ___FILE_ONLY___ ═
2022-08-15 20:33:29,044 INFO     ___FILE_ONLY___ ═
2022-08-15 20:33:29,044 INFO     ___FILE_ONLY___ ═
2022-08-15 20:33:29,045 INFO     ___FILE_ONLY___ ═
2022-08-15 20:33:29,045 INFO     ___FILE_ONLY___ ═
2022-08-15 20:33:29,045 INFO     ___FILE_ONLY___ ═
2022-08-15 20:33:29,046 INFO     ___FILE_ONLY___ ═
2022-08-15 20:33:29,046 INFO     ___FILE_ONLY___ ═
2022-08-15 20:33:29,046 INFO     ___FILE_ONLY___ ═
2022-08-15 20:33:29,521 INFO     ___FILE_ONLY___ ══════════════════════════════
2022-08-15 20:33:29,521 INFO     ___FILE_ONLY___ ╝

2022-08-15 20:33:29,528 INFO     ___FILE_ONLY___ ╔════════════════════════════════════════════════════════════╗

2022-08-15 20:33:29,529 INFO     ___FILE_ONLY___ ╠═ Installing: gcloud Alpha Commands                        ═╣

2022-08-15 20:33:29,529 INFO     ___FILE_ONLY___ ╚
2022-08-15 20:33:29,531 DEBUG    urllib3.connectionpool Starting new HTTPS connection (1): dl.google.com:443
2022-08-15 20:33:29,605 DEBUG    urllib3.connectionpool https://dl.google.com:443 "GET /dl/cloudsdk/channels/rapid/components/google-cloud-sdk-alpha-20220805142045.tar.gz HTTP/1.1" 200 800
2022-08-15 20:33:29,605 INFO     ___FILE_ONLY___ ══════════════════════════════
2022-08-15 20:33:29,606 INFO     ___FILE_ONLY___ ══════════════════════════════
2022-08-15 20:33:29,606 INFO     ___FILE_ONLY___ ╝

2022-08-15 20:33:29,615 INFO     ___FILE_ONLY___ ╔════════════════════════════════════════════════════════════╗

2022-08-15 20:33:29,616 INFO     ___FILE_ONLY___ ╠═ Installing: gcloud Beta Commands                         ═╣

2022-08-15 20:33:29,616 INFO     ___FILE_ONLY___ ╚
2022-08-15 20:33:29,618 DEBUG    urllib3.connectionpool Starting new HTTPS connection (1): dl.google.com:443
2022-08-15 20:33:29,691 DEBUG    urllib3.connectionpool https://dl.google.com:443 "GET /dl/cloudsdk/channels/rapid/components/google-cloud-sdk-beta-20220805142045.tar.gz HTTP/1.1" 200 797
2022-08-15 20:33:29,692 INFO     ___FILE_ONLY___ ══════════════════════════════
2022-08-15 20:33:29,692 INFO     ___FILE_ONLY___ ══════════════════════════════
2022-08-15 20:33:29,692 INFO     ___FILE_ONLY___ ╝

2022-08-15 20:33:29,698 INFO     ___FILE_ONLY___ ╔════════════════════════════════════════════════════════════╗

2022-08-15 20:33:29,699 INFO     ___FILE_ONLY___ ╠═ Installing: gcloud cli dependencies                      ═╣

2022-08-15 20:33:29,699 INFO     ___FILE_ONLY___ ╚
2022-08-15 20:33:29,702 DEBUG    urllib3.connectionpool Starting new HTTPS connection (1): dl.google.com:443
2022-08-15 20:33:29,775 DEBUG    urllib3.connectionpool https://dl.google.com:443 "GET /dl/cloudsdk/channels/rapid/components/google-cloud-sdk-gcloud-deps-darwin-x86_64-20210416153011.tar.gz HTTP/1.1" 200 105
2022-08-15 20:33:29,775 INFO     ___FILE_ONLY___ ══════════════════════════════
2022-08-15 20:33:29,776 INFO     ___FILE_ONLY___ ══════════════════════════════
2022-08-15 20:33:29,776 INFO     ___FILE_ONLY___ ╝

2022-08-15 20:33:29,782 INFO     ___FILE_ONLY___ ╔════════════════════════════════════════════════════════════╗

2022-08-15 20:33:29,782 INFO     ___FILE_ONLY___ ╠═ Installing: gke-gcloud-auth-plugin                       ═╣

2022-08-15 20:33:29,782 INFO     ___FILE_ONLY___ ╚
2022-08-15 20:33:29,784 DEBUG    urllib3.connectionpool Starting new HTTPS connection (1): dl.google.com:443
2022-08-15 20:33:29,905 DEBUG    urllib3.connectionpool https://dl.google.com:443 "GET /dl/cloudsdk/channels/rapid/components/google-cloud-sdk-gke-gcloud-auth-plugin-darwin-arm-20220415194303.tar.gz HTTP/1.1" 200 3926436
2022-08-15 20:33:30,275 INFO     ___FILE_ONLY___ ═
2022-08-15 20:33:30,275 INFO     ___FILE_ONLY___ ═
2022-08-15 20:33:30,275 INFO     ___FILE_ONLY___ ═
2022-08-15 20:33:30,275 INFO     ___FILE_ONLY___ ═
2022-08-15 20:33:30,275 INFO     ___FILE_ONLY___ ═
2022-08-15 20:33:30,276 INFO     ___FILE_ONLY___ ═
2022-08-15 20:33:30,276 INFO     ___FILE_ONLY___ ═
2022-08-15 20:33:30,276 INFO     ___FILE_ONLY___ ═
2022-08-15 20:33:30,276 INFO     ___FILE_ONLY___ ═
2022-08-15 20:33:30,276 INFO     ___FILE_ONLY___ ═
2022-08-15 20:33:30,276 INFO     ___FILE_ONLY___ ═
2022-08-15 20:33:30,276 INFO     ___FILE_ONLY___ ═
2022-08-15 20:33:30,276 INFO     ___FILE_ONLY___ ═
2022-08-15 20:33:30,276 INFO     ___FILE_ONLY___ ═
2022-08-15 20:33:30,276 INFO     ___FILE_ONLY___ ═
2022-08-15 20:33:30,276 INFO     ___FILE_ONLY___ ═
2022-08-15 20:33:30,277 INFO     ___FILE_ONLY___ ═
2022-08-15 20:33:30,277 INFO     ___FILE_ONLY___ ═
2022-08-15 20:33:30,277 INFO     ___FILE_ONLY___ ═
2022-08-15 20:33:30,277 INFO     ___FILE_ONLY___ ═
2022-08-15 20:33:30,277 INFO     ___FILE_ONLY___ ═
2022-08-15 20:33:30,277 INFO     ___FILE_ONLY___ ═
2022-08-15 20:33:30,277 INFO     ___FILE_ONLY___ ═
2022-08-15 20:33:30,277 INFO     ___FILE_ONLY___ ═
2022-08-15 20:33:30,277 INFO     ___FILE_ONLY___ ═
2022-08-15 20:33:30,277 INFO     ___FILE_ONLY___ ═
2022-08-15 20:33:30,277 INFO     ___FILE_ONLY___ ═
2022-08-15 20:33:30,277 INFO     ___FILE_ONLY___ ═
2022-08-15 20:33:30,278 INFO     ___FILE_ONLY___ ═
2022-08-15 20:33:30,278 INFO     ___FILE_ONLY___ ═
2022-08-15 20:33:30,370 INFO     ___FILE_ONLY___ ══════════════════════════════
2022-08-15 20:33:30,370 INFO     ___FILE_ONLY___ ╝

2022-08-15 20:33:30,377 INFO     ___FILE_ONLY___ ╔════════════════════════════════════════════════════════════╗

2022-08-15 20:33:30,378 INFO     ___FILE_ONLY___ ╠═ Installing: gke-gcloud-auth-plugin                       ═╣

2022-08-15 20:33:30,378 INFO     ___FILE_ONLY___ ╚
2022-08-15 20:33:30,381 INFO     ___FILE_ONLY___ ════════════════════════════════════════════════════════════
2022-08-15 20:33:30,381 INFO     ___FILE_ONLY___ ╝

2022-08-15 20:33:30,386 INFO     ___FILE_ONLY___ ╔════════════════════════════════════════════════════════════╗

2022-08-15 20:33:30,386 INFO     ___FILE_ONLY___ ╠═ Installing: kubectl                                      ═╣

2022-08-15 20:33:30,386 INFO     ___FILE_ONLY___ ╚
2022-08-15 20:33:30,390 DEBUG    urllib3.connectionpool Starting new HTTPS connection (1): dl.google.com:443
2022-08-15 20:33:30,589 DEBUG    urllib3.connectionpool https://dl.google.com:443 "GET /dl/cloudsdk/channels/rapid/components/google-cloud-sdk-kubectl-darwin-arm-20220722145557.tar.gz HTTP/1.1" 200 68347897
2022-08-15 20:33:37,635 INFO     ___FILE_ONLY___ ═
2022-08-15 20:33:37,637 INFO     ___FILE_ONLY___ ═
2022-08-15 20:33:37,638 INFO     ___FILE_ONLY___ ═
2022-08-15 20:33:37,640 INFO     ___FILE_ONLY___ ═
2022-08-15 20:33:37,642 INFO     ___FILE_ONLY___ ═
2022-08-15 20:33:37,643 INFO     ___FILE_ONLY___ ═
2022-08-15 20:33:37,645 INFO     ___FILE_ONLY___ ═
2022-08-15 20:33:37,647 INFO     ___FILE_ONLY___ ═
2022-08-15 20:33:37,649 INFO     ___FILE_ONLY___ ═
2022-08-15 20:33:37,650 INFO     ___FILE_ONLY___ ═
2022-08-15 20:33:37,651 INFO     ___FILE_ONLY___ ═
2022-08-15 20:33:37,653 INFO     ___FILE_ONLY___ ═
2022-08-15 20:33:37,655 INFO     ___FILE_ONLY___ ═
2022-08-15 20:33:37,656 INFO     ___FILE_ONLY___ ═
2022-08-15 20:33:37,658 INFO     ___FILE_ONLY___ ═
2022-08-15 20:33:37,659 INFO     ___FILE_ONLY___ ═
2022-08-15 20:33:37,660 INFO     ___FILE_ONLY___ ═
2022-08-15 20:33:37,662 INFO     ___FILE_ONLY___ ═
2022-08-15 20:33:37,663 INFO     ___FILE_ONLY___ ═
2022-08-15 20:33:37,664 INFO     ___FILE_ONLY___ ═
2022-08-15 20:33:37,666 INFO     ___FILE_ONLY___ ═
2022-08-15 20:33:37,667 INFO     ___FILE_ONLY___ ═
2022-08-15 20:33:37,669 INFO     ___FILE_ONLY___ ═
2022-08-15 20:33:37,670 INFO     ___FILE_ONLY___ ═
2022-08-15 20:33:37,672 INFO     ___FILE_ONLY___ ═
2022-08-15 20:33:37,673 INFO     ___FILE_ONLY___ ═
2022-08-15 20:33:37,674 INFO     ___FILE_ONLY___ ═
2022-08-15 20:33:37,675 INFO     ___FILE_ONLY___ ═
2022-08-15 20:33:37,677 INFO     ___FILE_ONLY___ ═
2022-08-15 20:33:37,680 INFO     ___FILE_ONLY___ ═
2022-08-15 20:33:38,586 INFO     ___FILE_ONLY___ ══════
2022-08-15 20:33:38,767 INFO     ___FILE_ONLY___ ══════
2022-08-15 20:33:38,949 INFO     ___FILE_ONLY___ ══════
2022-08-15 20:33:39,134 INFO     ___FILE_ONLY___ ══════
2022-08-15 20:33:39,326 INFO     ___FILE_ONLY___ ══════
2022-08-15 20:33:39,326 INFO     ___FILE_ONLY___ ╝

2022-08-15 20:33:39,336 INFO     ___FILE_ONLY___ ╔════════════════════════════════════════════════════════════╗

2022-08-15 20:33:39,337 INFO     ___FILE_ONLY___ ╠═ Installing: kubectl                                      ═╣

2022-08-15 20:33:39,337 INFO     ___FILE_ONLY___ ╚
2022-08-15 20:33:39,339 DEBUG    urllib3.connectionpool Starting new HTTPS connection (1): dl.google.com:443
2022-08-15 20:33:39,484 DEBUG    urllib3.connectionpool https://dl.google.com:443 "GET /dl/cloudsdk/channels/rapid/components/google-cloud-sdk-kubectl-20220722145557.tar.gz HTTP/1.1" 200 48204
2022-08-15 20:33:39,506 INFO     ___FILE_ONLY___ ══════════
2022-08-15 20:33:39,507 INFO     ___FILE_ONLY___ ══════════
2022-08-15 20:33:39,507 INFO     ___FILE_ONLY___ ══════════
2022-08-15 20:33:39,509 INFO     ___FILE_ONLY___ ══════════════════════════════
2022-08-15 20:33:39,509 INFO     ___FILE_ONLY___ ╝

2022-08-15 20:33:39,517 INFO     ___FILE_ONLY___ ╔════════════════════════════════════════════════════════════╗

2022-08-15 20:33:39,517 INFO     ___FILE_ONLY___ ╠═ Creating backup and activating new installation          ═╣

2022-08-15 20:33:39,517 INFO     ___FILE_ONLY___ ╚
2022-08-15 20:33:39,518 DEBUG    root            Attempting to move directory [/Users/emiliopalmerini/Library/Application Support/cloud-code/installer/google-cloud-sdk] to [/Users/emiliopalmerini/Library/Application Support/cloud-code/installer/google-cloud-sdk.staging/.install/.backup]
2022-08-15 20:33:39,518 INFO     ___FILE_ONLY___ ══════════════════════════════
2022-08-15 20:33:39,518 DEBUG    root            Attempting to move directory [/Users/emiliopalmerini/Library/Application Support/cloud-code/installer/google-cloud-sdk.staging] to [/Users/emiliopalmerini/Library/Application Support/cloud-code/installer/google-cloud-sdk]
2022-08-15 20:33:39,518 INFO     ___FILE_ONLY___ ══════════════════════════════
2022-08-15 20:33:39,518 INFO     ___FILE_ONLY___ ╝

2022-08-15 20:33:39,523 DEBUG    root            Updating notification cache...
2022-08-15 20:33:39,523 INFO     ___FILE_ONLY___ 

2022-08-15 20:33:39,529 INFO     ___FILE_ONLY___ Performing post processing steps...
2022-08-15 20:33:39,530 DEBUG    root            Executing command: ['/opt/miniconda3/bin/python3', '-S', '/Users/emiliopalmerini/Library/Application Support/cloud-code/installer/google-cloud-sdk/lib/gcloud.py', 'components', 'post-process']
2022-08-15 20:33:51,966 DEBUG    ___FILE_ONLY___ 
2022-08-15 20:33:51,966 DEBUG    ___FILE_ONLY___ 
2022-08-15 20:33:52,198 INFO     ___FILE_ONLY___ 
Update done!


2022-08-15 20:33:52,201 WARNING  root              There are other instances of Google Cloud tools on your system PATH.
  Please remove the following to avoid confusion or accidental invocation:

  /Applications/Docker.app/Contents/Resources/bin/kubectl

  
2022-08-15 20:33:52,204 INFO     root            Display format: "none"
